SF:lib/providers/math_provider.dart
DA:8,1
DA:12,2
DA:14,1
DA:16,2
DA:17,2
DA:18,1
DA:20,3
DA:21,1
LF:8
LH:8
end_of_record
SF:lib/services/math_expression.dart
DA:7,1
DA:9,2
DA:10,2
DA:11,1
LF:4
LH:4
end_of_record
SF:lib/static/evaluate_formula_state.dart
DA:8,3
DA:10,1
DA:11,2
DA:17,3
DA:19,1
DA:20,2
LF:6
LH:6
end_of_record
SF:lib/screens/home/widgets/action_button_widget.dart
DA:6,3
DA:11,2
DA:13,2
DA:14,2
DA:15,2
LF:5
LH:5
end_of_record
SF:lib/screens/home/home_screen.dart
DA:9,1
DA:13,1
DA:14,1
DA:20,1
DA:22,1
DA:23,1
DA:25,3
DA:28,1
DA:30,1
DA:32,1
DA:33,1
DA:35,1
DA:38,1
DA:40,2
DA:56,1
DA:57,2
DA:58,2
DA:60,1
DA:61,1
LF:19
LH:19
end_of_record
SF:lib/screens/home/widgets/formula_field_widget.dart
DA:4,2
DA:11,2
DA:13,2
DA:14,2
DA:15,2
DA:16,2
DA:20,2
DA:21,2
LF:8
LH:8
end_of_record
SF:lib/screens/home/widgets/result_text_widget.dart
DA:7,5
DA:17,2
DA:19,2
DA:20,2
DA:21,2
DA:22,4
DA:23,4
DA:26,2
DA:27,4
DA:30,2
LF:10
LH:10
end_of_record
